<?xml version="1.0" encoding="UTF-8"?>
<coverage generated="1568042557821" clover="3.2.0">
  <project timestamp="1568042557821" name="All files">
    <metrics statements="7" coveredstatements="7" conditionals="0" coveredconditionals="0" methods="3" coveredmethods="3" elements="10" coveredelements="10" complexity="0" loc="7" ncloc="7" packages="5" files="8" classes="8"/>
    <package name="mocks">
      <metrics statements="1" coveredstatements="1" conditionals="0" coveredconditionals="0" methods="0" coveredmethods="0"/>
      <file name="styles.js" path="/home/brunolebrao/workspace/pocs/front-end/react-custom-components/mocks/styles.js">
        <metrics statements="1" coveredstatements="1" conditionals="0" coveredconditionals="0" methods="0" coveredmethods="0"/>
        <line num="1" count="3" type="stmt"/>
      </file>
    </package>
    <package name="src">
      <metrics statements="0" coveredstatements="0" conditionals="0" coveredconditionals="0" methods="0" coveredmethods="0"/>
      <file name="index.js" path="/home/brunolebrao/workspace/pocs/front-end/react-custom-components/src/index.js">
        <metrics statements="0" coveredstatements="0" conditionals="0" coveredconditionals="0" methods="0" coveredmethods="0"/>
      </file>
    </package>
    <package name="src.Ellipsis">
      <metrics statements="2" coveredstatements="2" conditionals="0" coveredconditionals="0" methods="1" coveredmethods="1"/>
      <file name="Ellipsis.js" path="/home/brunolebrao/workspace/pocs/front-end/react-custom-components/src/Ellipsis/Ellipsis.js">
        <metrics statements="2" coveredstatements="2" conditionals="0" coveredconditionals="0" methods="1" coveredmethods="1"/>
        <line num="4" count="3" type="stmt"/>
        <line num="5" count="1" type="stmt"/>
      </file>
      <file name="index.js" path="/home/brunolebrao/workspace/pocs/front-end/react-custom-components/src/Ellipsis/index.js">
        <metrics statements="0" coveredstatements="0" conditionals="0" coveredconditionals="0" methods="0" coveredmethods="0"/>
      </file>
    </package>
    <package name="src.Ring">
      <metrics statements="2" coveredstatements="2" conditionals="0" coveredconditionals="0" methods="1" coveredmethods="1"/>
      <file name="Ring.js" path="/home/brunolebrao/workspace/pocs/front-end/react-custom-components/src/Ring/Ring.js">
        <metrics statements="2" coveredstatements="2" conditionals="0" coveredconditionals="0" methods="1" coveredmethods="1"/>
        <line num="4" count="2" type="stmt"/>
        <line num="5" count="1" type="stmt"/>
      </file>
      <file name="index.js" path="/home/brunolebrao/workspace/pocs/front-end/react-custom-components/src/Ring/index.js">
        <metrics statements="0" coveredstatements="0" conditionals="0" coveredconditionals="0" methods="0" coveredmethods="0"/>
      </file>
    </package>
    <package name="src.Ripple">
      <metrics statements="2" coveredstatements="2" conditionals="0" coveredconditionals="0" methods="1" coveredmethods="1"/>
      <file name="Ripple.js" path="/home/brunolebrao/workspace/pocs/front-end/react-custom-components/src/Ripple/Ripple.js">
        <metrics statements="2" coveredstatements="2" conditionals="0" coveredconditionals="0" methods="1" coveredmethods="1"/>
        <line num="4" count="2" type="stmt"/>
        <line num="5" count="1" type="stmt"/>
      </file>
      <file name="index.js" path="/home/brunolebrao/workspace/pocs/front-end/react-custom-components/src/Ripple/index.js">
        <metrics statements="0" coveredstatements="0" conditionals="0" coveredconditionals="0" methods="0" coveredmethods="0"/>
      </file>
    </package>
  </project>
</coverage>
