{"/home/brunolebrao/workspace/pocs/front-end/react-custom-components/mocks/styles.js": {"path":"/home/brunolebrao/workspace/pocs/front-end/react-custom-components/mocks/styles.js","statementMap":{"0":{"start":{"line":1,"column":0},"end":{"line":1,"column":19}}},"fnMap":{},"branchMap":{},"s":{"0":3},"f":{},"b":{},"_coverageSchema":"43e27e138ebf9cfc5966b082cf9a028302ed4184","hash":"9d6e270d5e3ec2f9330b695828d60410c99d46b9"}
,"/home/brunolebrao/workspace/pocs/front-end/react-custom-components/src/index.js": {"path":"/home/brunolebrao/workspace/pocs/front-end/react-custom-components/src/index.js","statementMap":{},"fnMap":{},"branchMap":{},"s":{},"f":{},"b":{},"_coverageSchema":"43e27e138ebf9cfc5966b082cf9a028302ed4184","hash":"a89c0950743b83be568ec209780f36499234a9ca"}
,"/home/brunolebrao/workspace/pocs/front-end/react-custom-components/src/Ellipsis/Ellipsis.js": {"path":"/home/brunolebrao/workspace/pocs/front-end/react-custom-components/src/Ellipsis/Ellipsis.js","statementMap":{"0":{"start":{"line":4,"column":17},"end":{"line":14,"column":1}},"1":{"start":{"line":5,"column":2},"end":{"line":13,"column":5}}},"fnMap":{"0":{"name":"(anonymous_0)","decl":{"start":{"line":4,"column":17},"end":{"line":4,"column":18}},"loc":{"start":{"line":5,"column":2},"end":{"line":13,"column":5}},"line":5}},"branchMap":{},"s":{"0":3,"1":1},"f":{"0":1},"b":{},"_coverageSchema":"43e27e138ebf9cfc5966b082cf9a028302ed4184","hash":"8c7c21f2b4c8aca4be843c2cf496c8c98b758d71"}
,"/home/brunolebrao/workspace/pocs/front-end/react-custom-components/src/Ellipsis/index.js": {"path":"/home/brunolebrao/workspace/pocs/front-end/react-custom-components/src/Ellipsis/index.js","statementMap":{},"fnMap":{},"branchMap":{},"s":{},"f":{},"b":{},"_coverageSchema":"43e27e138ebf9cfc5966b082cf9a028302ed4184","hash":"ecfdf2e2de564b0f7007bc338d4bfd03696b3893"}
,"/home/brunolebrao/workspace/pocs/front-end/react-custom-components/src/Ring/Ring.js": {"path":"/home/brunolebrao/workspace/pocs/front-end/react-custom-components/src/Ring/Ring.js","statementMap":{"0":{"start":{"line":4,"column":13},"end":{"line":14,"column":1}},"1":{"start":{"line":5,"column":2},"end":{"line":13,"column":5}}},"fnMap":{"0":{"name":"(anonymous_0)","decl":{"start":{"line":4,"column":13},"end":{"line":4,"column":14}},"loc":{"start":{"line":5,"column":2},"end":{"line":13,"column":5}},"line":5}},"branchMap":{},"s":{"0":2,"1":1},"f":{"0":1},"b":{},"_coverageSchema":"43e27e138ebf9cfc5966b082cf9a028302ed4184","hash":"8097e7d1013f1751e14fafcd0ad55e2063811f8d"}
,"/home/brunolebrao/workspace/pocs/front-end/react-custom-components/src/Ring/index.js": {"path":"/home/brunolebrao/workspace/pocs/front-end/react-custom-components/src/Ring/index.js","statementMap":{},"fnMap":{},"branchMap":{},"s":{},"f":{},"b":{},"_coverageSchema":"43e27e138ebf9cfc5966b082cf9a028302ed4184","hash":"fe438622ba78dc836273783a061c0e980f5ecb9e"}
,"/home/brunolebrao/workspace/pocs/front-end/react-custom-components/src/Ripple/Ripple.js": {"path":"/home/brunolebrao/workspace/pocs/front-end/react-custom-components/src/Ripple/Ripple.js","statementMap":{"0":{"start":{"line":4,"column":15},"end":{"line":12,"column":1}},"1":{"start":{"line":5,"column":2},"end":{"line":11,"column":5}}},"fnMap":{"0":{"name":"(anonymous_0)","decl":{"start":{"line":4,"column":15},"end":{"line":4,"column":16}},"loc":{"start":{"line":5,"column":2},"end":{"line":11,"column":5}},"line":5}},"branchMap":{},"s":{"0":2,"1":1},"f":{"0":1},"b":{},"_coverageSchema":"43e27e138ebf9cfc5966b082cf9a028302ed4184","hash":"dcd4c9679ca93fb8514daa3988c604f597de1bd4"}
,"/home/brunolebrao/workspace/pocs/front-end/react-custom-components/src/Ripple/index.js": {"path":"/home/brunolebrao/workspace/pocs/front-end/react-custom-components/src/Ripple/index.js","statementMap":{},"fnMap":{},"branchMap":{},"s":{},"f":{},"b":{},"_coverageSchema":"43e27e138ebf9cfc5966b082cf9a028302ed4184","hash":"f5de6e992c242dc77775445ce52132e75e39bfe6"}
}
