TN:
SF:/home/brunolebrao/workspace/pocs/front-end/react-custom-components/mocks/styles.js
FNF:0
FNH:0
DA:1,3
LF:1
LH:1
BRF:0
BRH:0
end_of_record
TN:
SF:/home/brunolebrao/workspace/pocs/front-end/react-custom-components/src/index.js
FNF:0
FNH:0
LF:0
LH:0
BRF:0
BRH:0
end_of_record
TN:
SF:/home/brunolebrao/workspace/pocs/front-end/react-custom-components/src/Ellipsis/Ellipsis.js
FN:4,(anonymous_0)
FNF:1
FNH:1
FNDA:1,(anonymous_0)
DA:4,3
DA:5,1
LF:2
LH:2
BRF:0
BRH:0
end_of_record
TN:
SF:/home/brunolebrao/workspace/pocs/front-end/react-custom-components/src/Ellipsis/index.js
FNF:0
FNH:0
LF:0
LH:0
BRF:0
BRH:0
end_of_record
TN:
SF:/home/brunolebrao/workspace/pocs/front-end/react-custom-components/src/Ring/Ring.js
FN:4,(anonymous_0)
FNF:1
FNH:1
FNDA:1,(anonymous_0)
DA:4,2
DA:5,1
LF:2
LH:2
BRF:0
BRH:0
end_of_record
TN:
SF:/home/brunolebrao/workspace/pocs/front-end/react-custom-components/src/Ring/index.js
FNF:0
FNH:0
LF:0
LH:0
BRF:0
BRH:0
end_of_record
TN:
SF:/home/brunolebrao/workspace/pocs/front-end/react-custom-components/src/Ripple/Ripple.js
FN:4,(anonymous_0)
FNF:1
FNH:1
FNDA:1,(anonymous_0)
DA:4,2
DA:5,1
LF:2
LH:2
BRF:0
BRH:0
end_of_record
TN:
SF:/home/brunolebrao/workspace/pocs/front-end/react-custom-components/src/Ripple/index.js
FNF:0
FNH:0
LF:0
LH:0
BRF:0
BRH:0
end_of_record
